<?xml version="1.0" encoding="UTF-8"?>
<!-- Generated by org.testng.reporters.JUnitXMLReporter -->
<testsuite hostname="XIPL0606" ignored="0" name="Default test" tests="3" failures="0" timestamp="19 Apr 2018 13:51:25 GMT" time="3.307" errors="0">
  <testcase name="getGooglePlaceDetails" time="2.08" classname="googleAPITestsXml.FinalGoogleSearchAPIScriptXml"/>
  <testcase name="postAndDeleteGooglePlaceDetails" time="0.81" classname="googleAPITestsXml.FinalGoogleSearchAPIScriptXml"/>
  <testcase name="postGooglePlaceDetails" time="0.389" classname="googleAPITestsXml.FinalGoogleSearchAPIScriptXml"/>
</testsuite> <!-- Default test -->
