<?xml version="1.0" encoding="UTF-8"?>
<!-- Generated by org.testng.reporters.JUnitXMLReporter -->
<testsuite hostname="XIPL0606" name="Test" tests="3" failures="0" timestamp="25 Apr 2018 13:45:26 GMT" time="3.821" errors="0">
  <testcase name="getGooglePlaceDetails" time="2.37" classname="googleAPITestsJson.FinalGoogleSearchAPIScript"/>
  <testcase name="postAndDeleteGooglePlaceDetails" time="0.786" classname="googleAPITestsJson.FinalGoogleSearchAPIScript"/>
  <testcase name="postGooglePlaceDetails" time="0.65" classname="googleAPITestsJson.FinalGoogleSearchAPIScript"/>
</testsuite> <!-- Test -->
