<?xml version="1.0" encoding="UTF-8"?>
<testng-results skipped="0" failed="0" total="3" passed="3">
  <reporter-output>
  </reporter-output>
  <suite name="Suite" duration-ms="3278" started-at="2018-04-19T13:54:36Z" finished-at="2018-04-19T13:54:39Z">
    <groups>
    </groups>
    <test name="Test" duration-ms="3278" started-at="2018-04-19T13:54:36Z" finished-at="2018-04-19T13:54:39Z">
      <class name="googleAPITestsJson.FinalGoogleSearchAPIScript">
        <test-method status="PASS" signature="getPropertiesData()[pri:0, instance:googleAPITestsJson.FinalGoogleSearchAPIScript@43a25848]" name="getPropertiesData" is-config="true" duration-ms="5" started-at="2018-04-19T19:24:36Z" finished-at="2018-04-19T19:24:36Z">
          <reporter-output>
          </reporter-output>
        </test-method> <!-- getPropertiesData -->
        <test-method status="PASS" signature="getGooglePlaceDetails()[pri:0, instance:googleAPITestsJson.FinalGoogleSearchAPIScript@43a25848]" name="getGooglePlaceDetails" duration-ms="1987" started-at="2018-04-19T19:24:36Z" finished-at="2018-04-19T19:24:38Z">
          <reporter-output>
          </reporter-output>
        </test-method> <!-- getGooglePlaceDetails -->
        <test-method status="PASS" signature="postAndDeleteGooglePlaceDetails()[pri:0, instance:googleAPITestsJson.FinalGoogleSearchAPIScript@43a25848]" name="postAndDeleteGooglePlaceDetails" duration-ms="874" started-at="2018-04-19T19:24:38Z" finished-at="2018-04-19T19:24:39Z">
          <reporter-output>
          </reporter-output>
        </test-method> <!-- postAndDeleteGooglePlaceDetails -->
        <test-method status="PASS" signature="postGooglePlaceDetails()[pri:0, instance:googleAPITestsJson.FinalGoogleSearchAPIScript@43a25848]" name="postGooglePlaceDetails" duration-ms="406" started-at="2018-04-19T19:24:39Z" finished-at="2018-04-19T19:24:39Z">
          <reporter-output>
          </reporter-output>
        </test-method> <!-- postGooglePlaceDetails -->
      </class> <!-- googleAPITestsJson.FinalGoogleSearchAPIScript -->
    </test> <!-- Test -->
  </suite> <!-- Suite -->
</testng-results>
